2022-08-15 15:24:51,388 INFO o.a.j.u.JMeterUtils: Setting Locale to en_EN
2022-08-15 15:24:51,408 INFO o.a.j.JMeter: Loading user properties from: user.properties
2022-08-15 15:24:51,412 INFO o.a.j.JMeter: Loading system properties from: system.properties
2022-08-15 15:24:51,420 INFO o.a.j.JMeter: Copyright (c) 1998-2020 The Apache Software Foundation
2022-08-15 15:24:51,421 INFO o.a.j.JMeter: Version 5.4
2022-08-15 15:24:51,421 INFO o.a.j.JMeter: java.version=1.8.0_172
2022-08-15 15:24:51,421 INFO o.a.j.JMeter: java.vm.name=Java HotSpot(TM) 64-Bit Server VM
2022-08-15 15:24:51,421 INFO o.a.j.JMeter: os.name=Windows 10
2022-08-15 15:24:51,421 INFO o.a.j.JMeter: os.arch=amd64
2022-08-15 15:24:51,421 INFO o.a.j.JMeter: os.version=10.0
2022-08-15 15:24:51,421 INFO o.a.j.JMeter: file.encoding=GBK
2022-08-15 15:24:51,421 INFO o.a.j.JMeter: java.awt.headless=null
2022-08-15 15:24:51,421 INFO o.a.j.JMeter: Max memory     =1073741824
2022-08-15 15:24:51,421 INFO o.a.j.JMeter: Available Processors =12
2022-08-15 15:24:51,426 INFO o.a.j.JMeter: Default Locale=English (EN)
2022-08-15 15:24:51,426 INFO o.a.j.JMeter: JMeter  Locale=English (EN)
2022-08-15 15:24:51,426 INFO o.a.j.JMeter: JMeterHome=D:\Resource\video\分布式锁\工具\apache-jmeter-5.4
2022-08-15 15:24:51,426 INFO o.a.j.JMeter: user.dir  =D:\Resource\video\分布式锁\工具\apache-jmeter-5.4\bin
2022-08-15 15:24:51,427 INFO o.a.j.JMeter: PWD       =D:\Resource\video\分布式锁\工具\apache-jmeter-5.4\bin
2022-08-15 15:25:00,450 INFO o.a.j.JMeter: IP: 169.254.78.220 Name: LAPTOP-69OH1QLF FullName: LAPTOP-69OH1QLF
2022-08-15 15:25:00,561 INFO o.a.j.JMeter: Setting LAF to: com.github.weisj.darklaf.DarkLaf:com.github.weisj.darklaf.theme.DarculaTheme
2022-08-15 15:25:02,104 INFO o.a.j.JMeter: Loaded icon properties from org/apache/jmeter/images/icon.properties
